{"numTotalTestSuites":15,"numPassedTestSuites":15,"numFailedTestSuites":0,"numPendingTestSuites":0,"numTotalTests":47,"numPassedTests":47,"numFailedTests":0,"numPendingTests":0,"numTodoTests":0,"snapshot":{"added":0,"failure":false,"filesAdded":0,"filesRemoved":0,"filesRemovedList":[],"filesUnmatched":0,"filesUpdated":0,"matched":0,"total":0,"unchecked":0,"uncheckedKeysByFile":[],"unmatched":0,"updated":0,"didUpdate":false},"startTime":1781339404987,"success":true,"testResults":[{"assertionResults":[{"ancestorTitles":["ErrorClassifier — 错误分类"],"fullName":"ErrorClassifier — 错误分类 429 应分类为 rate_limit 且可重试","status":"passed","title":"429 应分类为 rate_limit 且可重试","duration":3.776100000000042,"failureMessages":[],"meta":{},"tags":[]},{"ancestorTitles":["ErrorClassifier — 错误分类"],"fullName":"ErrorClassifier — 错误分类 500 应分类为 server_error 且可重试","status":"passed","title":"500 应分类为 server_error 且可重试","duration":0.5853000000001884,"failureMessages":[],"meta":{},"tags":[]},{"ancestorTitles":["ErrorClassifier — 错误分类"],"fullName":"ErrorClassifier — 错误分类 timeout 应分类为 timeout 且可重试","status":"passed","title":"timeout 应分类为 timeout 且可重试","duration":0.39720000000033906,"failureMessages":[],"meta":{},"tags":[]},{"ancestorTitles":["ErrorClassifier — 错误分类"],"fullName":"ErrorClassifier — 错误分类 403 应分类为 forbidden 且不可重试","status":"passed","title":"403 应分类为 forbidden 且不可重试","duration":0.3842000000004191,"failureMessages":[],"meta":{},"tags":[]},{"ancestorTitles":["ErrorClassifier — 错误分类"],"fullName":"ErrorClassifier — 错误分类 404 应分类为 not_found 且不可重试","status":"passed","title":"404 应分类为 not_found 且不可重试","duration":0.5104999999998654,"failureMessages":[],"meta":{},"tags":[]},{"ancestorTitles":["ErrorClassifier — 错误分类"],"fullName":"ErrorClassifier — 错误分类 fetch failed 应分类为 network 且可重试","status":"passed","title":"fetch failed 应分类为 network 且可重试","duration":0.283900000000358,"failureMessages":[],"meta":{},"tags":[]},{"ancestorTitles":["ErrorClassifier — 重试策略"],"fullName":"ErrorClassifier — 重试策略 应使用指数退避","status":"passed","title":"应使用指数退避","duration":0.483600000000024,"failureMessages":[],"meta":{},"tags":[]},{"ancestorTitles":["ErrorClassifier — 重试策略"],"fullName":"ErrorClassifier — 重试策略 重试延迟不应超过 maxDelay","status":"passed","title":"重试延迟不应超过 maxDelay","duration":0.7674000000001797,"failureMessages":[],"meta":{},"tags":[]},{"ancestorTitles":["ErrorClassifier — 重试策略"],"fullName":"ErrorClassifier — 重试策略 withRetry 应在成功时返回 data","status":"passed","title":"withRetry 应在成功时返回 data","duration":1.023200000000088,"failureMessages":[],"meta":{},"tags":[]},{"ancestorTitles":["ErrorClassifier — 重试策略"],"fullName":"ErrorClassifier — 重试策略 withRetry 应在失败指定次数后返回 error","status":"passed","title":"withRetry 应在失败指定次数后返回 error","duration":0.7071000000000822,"failureMessages":[],"meta":{},"tags":[]},{"ancestorTitles":["ProductionStatus 类型完整性"],"fullName":"ProductionStatus 类型完整性 应包含所有 V2.4 新增状态","status":"passed","title":"应包含所有 V2.4 新增状态","duration":3.261700000000019,"failureMessages":[],"meta":{},"tags":[]},{"ancestorTitles":["ProductionStatus 类型完整性"],"fullName":"ProductionStatus 类型完整性 新状态应与原有状态不重复","status":"passed","title":"新状态应与原有状态不重复","duration":0.8297000000002299,"failureMessages":[],"meta":{},"tags":[]}],"startTime":1781339407540,"endTime":1781339407554.8296,"status":"passed","message":"","name":"C:/Users/Lenovo/Documents/Agnes-request/agnes-creator/tests/unit/errorHandler.test.ts"},{"assertionResults":[{"ancestorTitles":["PipelineImageDownloader — URL 诊断"],"fullName":"PipelineImageDownloader — URL 诊断 应正确解析 valid URL","status":"passed","title":"应正确解析 valid URL","duration":5.14890000000014,"failureMessages":[],"meta":{},"tags":[]},{"ancestorTitles":["PipelineImageDownloader — URL 诊断"],"fullName":"PipelineImageDownloader — URL 诊断 应检测到 Expired URL","status":"passed","title":"应检测到 Expired URL","duration":1.0053000000002612,"failureMessages":[],"meta":{},"tags":[]},{"ancestorTitles":["PipelineImageDownloader — URL 诊断"],"fullName":"PipelineImageDownloader — URL 诊断 应检测到阿里云 OSS Signed URL","status":"passed","title":"应检测到阿里云 OSS Signed URL","duration":0.4193000000000211,"failureMessages":[],"meta":{},"tags":[]},{"ancestorTitles":["PipelineImageDownloader — URL 诊断"],"fullName":"PipelineImageDownloader — URL 诊断 应检测到 AWS S3 Signed URL","status":"passed","title":"应检测到 AWS S3 Signed URL","duration":0.44980000000032305,"failureMessages":[],"meta":{},"tags":[]},{"ancestorTitles":["PipelineImageDownloader — URL 诊断"],"fullName":"PipelineImageDownloader — URL 诊断 应处理 invalid URL","status":"passed","title":"应处理 invalid URL","duration":2.059899999999743,"failureMessages":[],"meta":{},"tags":[]},{"ancestorTitles":["PipelineImageDownloader — URL 诊断"],"fullName":"PipelineImageDownloader — URL 诊断 应正确处理带 query 的 URL","status":"passed","title":"应正确处理带 query 的 URL","duration":0.9535000000000764,"failureMessages":[],"meta":{},"tags":[]},{"ancestorTitles":["mapErrorToProductionStatus"],"fullName":"mapErrorToProductionStatus HTTP_403 → image_expired","status":"passed","title":"HTTP_403 → image_expired","duration":0.7404000000001361,"failureMessages":[],"meta":{},"tags":[]},{"ancestorTitles":["mapErrorToProductionStatus"],"fullName":"mapErrorToProductionStatus HTTP_404 → image_expired","status":"passed","title":"HTTP_404 → image_expired","duration":1.2233000000001084,"failureMessages":[],"meta":{},"tags":[]},{"ancestorTitles":["mapErrorToProductionStatus"],"fullName":"mapErrorToProductionStatus HTTP_429 → image_rate_limited","status":"passed","title":"HTTP_429 → image_rate_limited","duration":1.2026999999998225,"failureMessages":[],"meta":{},"tags":[]},{"ancestorTitles":["mapErrorToProductionStatus"],"fullName":"mapErrorToProductionStatus CORS_BLOCKED → image_cors_blocked","status":"passed","title":"CORS_BLOCKED → image_cors_blocked","duration":0.5414999999998145,"failureMessages":[],"meta":{},"tags":[]},{"ancestorTitles":["mapErrorToProductionStatus"],"fullName":"mapErrorToProductionStatus TIMEOUT → image_fetch_failed","status":"passed","title":"TIMEOUT → image_fetch_failed","duration":0.4250999999999294,"failureMessages":[],"meta":{},"tags":[]},{"ancestorTitles":["mapErrorToProductionStatus"],"fullName":"mapErrorToProductionStatus HTTP_5XX → image_fetch_failed","status":"passed","title":"HTTP_5XX → image_fetch_failed","duration":0.2549999999996544,"failureMessages":[],"meta":{},"tags":[]},{"ancestorTitles":["mapErrorToProductionStatus"],"fullName":"mapErrorToProductionStatus NETWORK_ERROR → image_fetch_failed","status":"passed","title":"NETWORK_ERROR → image_fetch_failed","duration":0.23889999999983047,"failureMessages":[],"meta":{},"tags":[]},{"ancestorTitles":["mapErrorToProductionStatus"],"fullName":"mapErrorToProductionStatus UNKNOWN → image_fetch_failed","status":"passed","title":"UNKNOWN → image_fetch_failed","duration":0.22089999999980137,"failureMessages":[],"meta":{},"tags":[]},{"ancestorTitles":["mapErrorToProductionStatus"],"fullName":"mapErrorToProductionStatus 应覆盖所有 ImageFetchErrorType","status":"passed","title":"应覆盖所有 ImageFetchErrorType","duration":2.2959999999998217,"failureMessages":[],"meta":{},"tags":[]},{"ancestorTitles":["getImageFetchErrorLabel"],"fullName":"getImageFetchErrorLabel 应返回有意义的错误标签","status":"passed","title":"应返回有意义的错误标签","duration":2.4335000000000946,"failureMessages":[],"meta":{},"tags":[]},{"ancestorTitles":["getImageFetchErrorLabel"],"fullName":"getImageFetchErrorLabel 应覆盖所有错误类型","status":"passed","title":"应覆盖所有错误类型","duration":3.9528000000000247,"failureMessages":[],"meta":{},"tags":[]},{"ancestorTitles":["重试配置验证"],"fullName":"重试配置验证 重试次数应为 3","status":"passed","title":"重试次数应为 3","duration":0.5085000000003674,"failureMessages":[],"meta":{},"tags":[]},{"ancestorTitles":["重试配置验证"],"fullName":"重试配置验证 重试间隔应为 10s / 30s / 60s","status":"passed","title":"重试间隔应为 10s / 30s / 60s","duration":2.4021999999999935,"failureMessages":[],"meta":{},"tags":[]},{"ancestorTitles":["重试配置验证"],"fullName":"重试配置验证 退避策略应为指数增长","status":"passed","title":"退避策略应为指数增长","duration":0.4904999999998836,"failureMessages":[],"meta":{},"tags":[]}],"startTime":1781339407544,"endTime":1781339407575.4905,"status":"passed","message":"","name":"C:/Users/Lenovo/Documents/Agnes-request/agnes-creator/tests/unit/pipelineImageDownloader.test.ts"},{"assertionResults":[{"ancestorTitles":["ProductionQueue — 状态管理"],"fullName":"ProductionQueue — 状态管理 应正确初始化队列项","status":"passed","title":"应正确初始化队列项","duration":4.0953999999996995,"failureMessages":[],"meta":{},"tags":[]},{"ancestorTitles":["ProductionQueue — 状态管理"],"fullName":"ProductionQueue — 状态管理 应支持 image_fetch_failed 状态","status":"passed","title":"应支持 image_fetch_failed 状态","duration":0.6817999999998392,"failureMessages":[],"meta":{},"tags":[]},{"ancestorTitles":["ProductionQueue — 状态管理"],"fullName":"ProductionQueue — 状态管理 应支持 image_expired 状态","status":"passed","title":"应支持 image_expired 状态","duration":0.30749999999989086,"failureMessages":[],"meta":{},"tags":[]},{"ancestorTitles":["ProductionQueue — 状态管理"],"fullName":"ProductionQueue — 状态管理 应支持 video_api_failed 状态","status":"passed","title":"应支持 video_api_failed 状态","duration":0.37649999999985084,"failureMessages":[],"meta":{},"tags":[]},{"ancestorTitles":["ProductionQueue — 状态管理"],"fullName":"ProductionQueue — 状态管理 应支持 video_timeout 状态","status":"passed","title":"应支持 video_timeout 状态","duration":0.32720000000017535,"failureMessages":[],"meta":{},"tags":[]},{"ancestorTitles":["ProductionQueue — 状态管理"],"fullName":"ProductionQueue — 状态管理 应支持 image_cors_blocked 状态","status":"passed","title":"应支持 image_cors_blocked 状态","duration":0.3690000000001419,"failureMessages":[],"meta":{},"tags":[]},{"ancestorTitles":["ProductionQueue — getPendingVideoItems 过滤"],"fullName":"ProductionQueue — getPendingVideoItems 过滤 只有 imageStatus=completed 且 videoStatus=pending 的项应被选中","status":"passed","title":"只有 imageStatus=completed 且 videoStatus=pending 的项应被选中","duration":1.7399000000000342,"failureMessages":[],"meta":{},"tags":[]},{"ancestorTitles":["ProductionQueue — getPendingVideoItems 过滤"],"fullName":"ProductionQueue — getPendingVideoItems 过滤 不应选中任何 image_fetch_failed 状态的项","status":"passed","title":"不应选中任何 image_fetch_failed 状态的项","duration":0.5745999999999185,"failureMessages":[],"meta":{},"tags":[]},{"ancestorTitles":["ProductionQueue — 重试管理"],"fullName":"ProductionQueue — 重试管理 重试达到 MAX_RETRIES(3) 后应标记为失败","status":"passed","title":"重试达到 MAX_RETRIES(3) 后应标记为失败","duration":0.898899999999685,"failureMessages":[],"meta":{},"tags":[]},{"ancestorTitles":["ProductionQueue — 重试管理"],"fullName":"ProductionQueue — 重试管理 重试小于 3 次时应保持 pending","status":"passed","title":"重试小于 3 次时应保持 pending","duration":0.49399999999968713,"failureMessages":[],"meta":{},"tags":[]},{"ancestorTitles":["ProductionQueue — 重试管理"],"fullName":"ProductionQueue — 重试管理 重试增量应正确记录","status":"passed","title":"重试增量应正确记录","duration":0.3969999999999345,"failureMessages":[],"meta":{},"tags":[]},{"ancestorTitles":["ProductionQueue — 断点恢复"],"fullName":"ProductionQueue — 断点恢复 generating 状态应转换为 pending 用于恢复","status":"passed","title":"generating 状态应转换为 pending 用于恢复","duration":0.617500000000291,"failureMessages":[],"meta":{},"tags":[]},{"ancestorTitles":["ProductionQueue — 断点恢复"],"fullName":"ProductionQueue — 断点恢复 已完成的项不应被恢复","status":"passed","title":"已完成的项不应被恢复","duration":0.4119999999998072,"failureMessages":[],"meta":{},"tags":[]},{"ancestorTitles":["ProductionQueue — 暂停/恢复"],"fullName":"ProductionQueue — 暂停/恢复 暂停后应正确处理","status":"passed","title":"暂停后应正确处理","duration":0.326799999999821,"failureMessages":[],"meta":{},"tags":[]},{"ancestorTitles":["ProductionQueue — 暂停/恢复"],"fullName":"ProductionQueue — 暂停/恢复 暂停时不应推进队列","status":"passed","title":"暂停时不应推进队列","duration":0.9730999999997039,"failureMessages":[],"meta":{},"tags":[]}],"startTime":1781339407540,"endTime":1781339407553.9731,"status":"passed","message":"","name":"C:/Users/Lenovo/Documents/Agnes-request/agnes-creator/tests/unit/productionQueueStore.test.ts"}]}